   Compiling proc-macro2 v1.0.106
   Compiling unicode-ident v1.0.24
   Compiling quote v1.0.45
   Compiling serde_core v1.0.228
   Compiling libc v0.2.183
   Compiling zmij v1.0.21
   Compiling serde_json v1.0.149
   Compiling thiserror v1.0.69
   Compiling serde v1.0.228
    Checking winnow v1.0.0
   Compiling getrandom v0.4.2
   Compiling rustix v1.1.4
    Checking toml_writer v1.1.0+spec-1.1.0
    Checking bitflags v2.11.0
    Checking memchr v2.8.0
    Checking cfg-if v1.0.4
    Checking winnow v0.7.15
    Checking linux-raw-sys v0.12.1
    Checking itoa v1.0.18
    Checking once_cell v1.21.4
    Checking fastrand v2.3.0
    Checking toml_parser v1.1.0+spec-1.1.0
    Checking tempfile v3.27.0
   Compiling syn v2.0.117
   Compiling serde_derive v1.0.228
   Compiling thiserror-impl v1.0.69
    Checking toml_datetime v0.7.5+spec-1.1.0
    Checking serde_spanned v1.1.0
    Checking toml v0.9.12+spec-1.1.0
    Checking scanstate v0.1.1 (/home/mukund-thiru/Santh/libs/scanstate)
    Finished `dev` profile [unoptimized + debuginfo] target(s) in 2.83s
